============================= test session starts =============================
platform win32 -- Python 3.14.3, pytest-9.0.2, pluggy-1.6.0
rootdir: D:\gemaibotv2\gemaibotv2
configfile: pytest.ini
plugins: anyio-4.12.1, asyncio-1.3.0, xdist-3.8.0
asyncio: mode=Mode.AUTO, debug=False, asyncio_default_fixture_loop_scope=None, asyncio_default_test_loop_scope=function
collected 194 items

tests\test_agent_optimization.py ...                                     [  1%]
tests\test_ai_provider.py ................                               [  9%]
tests\test_api_logger_request_id.py ..                                   [ 10%]
tests\test_auth_headers.py ..                                            [ 11%]
tests\test_basics.py ...                                                 [ 13%]
tests\test_cache_ttl.py ....                                             [ 15%]
tests\test_callback_responsiveness_scenario.py .                         [ 15%]
tests\test_callbacks.py .                                                [ 16%]
tests\test_circuit_breaker.py ..........                                 [ 21%]
tests\test_concurrency_hardening.py ...                                  [ 23%]
tests\test_database_tavily.py FF                                         [ 24%]
tests\test_document_cleanup_optimization.py .                            [ 24%]
tests\test_document_security.py .                                        [ 25%]
tests\test_errors.py .......................................             [ 45%]
tests\test_fast_callback_channel.py ...                                  [ 46%]
tests\test_formatting.py .........                                       [ 51%]
tests\test_image_utils.py .....                                          [ 54%]
tests\test_io_handlers.py ...                                            [ 55%]
tests\test_keyboards.py .......................                          [ 67%]
tests\test_memory_manager.py ............                                [ 73%]
tests\test_menus.py ................s                                    [ 82%]
tests\test_metrics_integration.py F                                      [ 82%]
tests\test_perf_db_messages.py F                                         [ 83%]
tests\test_request_context.py .......                                    [ 87%]
tests\test_security_headers.py ...                                       [ 88%]
tests\test_services_request_id_headers.py ..                             [ 89%]
tests\test_system_status.py .                                            [ 90%]
tests\test_text_format.py .....x.                                        [ 93%]
tests\test_text_split_performance.py ..                                  [ 94%]
tests\test_time_utils.py FFF                                             [ 96%]
tests\test_user_state_locks.py .                                         [ 96%]
tests\test_web_security.py ......                                        [100%]

================================== FAILURES ===================================
________________________ test_force_update_tavily_keys ________________________
tests\test_database_tavily.py:83: in test_force_update_tavily_keys
    result = await database.force_update_tavily_keys()
             ^^^^^^^^^^^^^^^^^^^^^^^^^^^^^^^^^^^^^^^^^
E   TypeError: 'MagicMock' object can't be awaited
_____________________ test_force_update_tavily_keys_empty _____________________
tests\test_database_tavily.py:124: in test_force_update_tavily_keys_empty
    result = await database.force_update_tavily_keys()
             ^^^^^^^^^^^^^^^^^^^^^^^^^^^^^^^^^^^^^^^^^
E   TypeError: 'MagicMock' object can't be awaited
__________ TestMetricsIntegration.test_metrics_queue_and_batch_save ___________
tests\test_metrics_integration.py:106: in test_metrics_queue_and_batch_save
    self.loop.run_until_complete(simulate_events())
C:\Python314\Lib\asyncio\base_events.py:719: in run_until_complete
    return future.result()
           ^^^^^^^^^^^^^^^
tests\test_metrics_integration.py:82: in simulate_events
    self.assertTrue(mock_query.called)
E   AssertionError: False is not true
------------------------------ Captured log call ------------------------------
ERROR    root:metrics.py:293 Error saving metrics to database: 'MagicMock' object can't be awaited
_________________ test_get_conversation_messages_optimization _________________
tests\test_perf_db_messages.py:53: in test_get_conversation_messages_optimization
    messages = await app.database.get_conversation_messages(123, 1)
                     ^^^^^^^^^^^^
E   AttributeError: module 'app' has no attribute 'database'
_____________ TestTimeUtils.test_get_kyiv_reset_time_dst_mismatch _____________
tests\test_time_utils.py:37: in test_get_kyiv_reset_time_dst_mismatch
    fixed_now = self.real_datetime(2023, 10, 30, 12, 0, 0, tzinfo=pacific_tz)
                ^^^^^^^^^^^^^^^^^^^^^^^^^^^^^^^^^^^^^^^^^^^^^^^^^^^^^^^^^^^^^
E   TypeError: tzinfo argument must be None or of a tzinfo subclass, not type 'MagicMock'
_______________ TestTimeUtils.test_get_kyiv_reset_time_standard _______________
tests\test_time_utils.py:16: in test_get_kyiv_reset_time_standard
    fixed_now = self.real_datetime(2023, 10, 26, 10, 0, 0, tzinfo=pacific_tz)
                ^^^^^^^^^^^^^^^^^^^^^^^^^^^^^^^^^^^^^^^^^^^^^^^^^^^^^^^^^^^^^
E   TypeError: tzinfo argument must be None or of a tzinfo subclass, not type 'MagicMock'
____________ TestTimeUtils.test_get_kyiv_reset_time_year_rollover _____________
tests\test_time_utils.py:58: in test_get_kyiv_reset_time_year_rollover
    fixed_now = self.real_datetime(2023, 12, 31, 23, 0, 0, tzinfo=pacific_tz)
                ^^^^^^^^^^^^^^^^^^^^^^^^^^^^^^^^^^^^^^^^^^^^^^^^^^^^^^^^^^^^^
E   TypeError: tzinfo argument must be None or of a tzinfo subclass, not type 'MagicMock'
============================== warnings summary ===============================
tests\test_menus.py:287
  D:\gemaibotv2\gemaibotv2\tests\test_menus.py:287: PytestUnknownMarkWarning: Unknown pytest.mark.unit - is this a typo?  You can register custom marks to avoid this warning - for details, see https://docs.pytest.org/en/stable/how-to/mark.html
    @pytest.mark.unit

tests\test_menus.py:322
  D:\gemaibotv2\gemaibotv2\tests\test_menus.py:322: PytestUnknownMarkWarning: Unknown pytest.mark.unit - is this a typo?  You can register custom marks to avoid this warning - for details, see https://docs.pytest.org/en/stable/how-to/mark.html
    @pytest.mark.unit

tests\test_menus.py:350
  D:\gemaibotv2\gemaibotv2\tests\test_menus.py:350: PytestUnknownMarkWarning: Unknown pytest.mark.unit - is this a typo?  You can register custom marks to avoid this warning - for details, see https://docs.pytest.org/en/stable/how-to/mark.html
    @pytest.mark.unit

tests\test_menus.py:380
  D:\gemaibotv2\gemaibotv2\tests\test_menus.py:380: PytestUnknownMarkWarning: Unknown pytest.mark.unit - is this a typo?  You can register custom marks to avoid this warning - for details, see https://docs.pytest.org/en/stable/how-to/mark.html
    @pytest.mark.unit

tests\test_menus.py:417
  D:\gemaibotv2\gemaibotv2\tests\test_menus.py:417: PytestUnknownMarkWarning: Unknown pytest.mark.unit - is this a typo?  You can register custom marks to avoid this warning - for details, see https://docs.pytest.org/en/stable/how-to/mark.html
    @pytest.mark.unit

tests\test_menus.py:450
  D:\gemaibotv2\gemaibotv2\tests\test_menus.py:450: PytestUnknownMarkWarning: Unknown pytest.mark.unit - is this a typo?  You can register custom marks to avoid this warning - for details, see https://docs.pytest.org/en/stable/how-to/mark.html
    @pytest.mark.unit

tests\test_menus.py:477
  D:\gemaibotv2\gemaibotv2\tests\test_menus.py:477: PytestUnknownMarkWarning: Unknown pytest.mark.unit - is this a typo?  You can register custom marks to avoid this warning - for details, see https://docs.pytest.org/en/stable/how-to/mark.html
    @pytest.mark.unit

tests\test_menus.py:508
  D:\gemaibotv2\gemaibotv2\tests\test_menus.py:508: PytestUnknownMarkWarning: Unknown pytest.mark.unit - is this a typo?  You can register custom marks to avoid this warning - for details, see https://docs.pytest.org/en/stable/how-to/mark.html
    @pytest.mark.unit

tests\test_menus.py:533
  D:\gemaibotv2\gemaibotv2\tests\test_menus.py:533: PytestUnknownMarkWarning: Unknown pytest.mark.unit - is this a typo?  You can register custom marks to avoid this warning - for details, see https://docs.pytest.org/en/stable/how-to/mark.html
    @pytest.mark.unit

tests\test_menus.py:559
  D:\gemaibotv2\gemaibotv2\tests\test_menus.py:559: PytestUnknownMarkWarning: Unknown pytest.mark.unit - is this a typo?  You can register custom marks to avoid this warning - for details, see https://docs.pytest.org/en/stable/how-to/mark.html
    @pytest.mark.unit

tests\test_menus.py:588
  D:\gemaibotv2\gemaibotv2\tests\test_menus.py:588: PytestUnknownMarkWarning: Unknown pytest.mark.unit - is this a typo?  You can register custom marks to avoid this warning - for details, see https://docs.pytest.org/en/stable/how-to/mark.html
    @pytest.mark.unit

tests\test_menus.py:600
  D:\gemaibotv2\gemaibotv2\tests\test_menus.py:600: PytestUnknownMarkWarning: Unknown pytest.mark.unit - is this a typo?  You can register custom marks to avoid this warning - for details, see https://docs.pytest.org/en/stable/how-to/mark.html
    @pytest.mark.unit

tests\test_menus.py:611
  D:\gemaibotv2\gemaibotv2\tests\test_menus.py:611: PytestUnknownMarkWarning: Unknown pytest.mark.unit - is this a typo?  You can register custom marks to avoid this warning - for details, see https://docs.pytest.org/en/stable/how-to/mark.html
    @pytest.mark.unit

tests\test_menus.py:631
  D:\gemaibotv2\gemaibotv2\tests\test_menus.py:631: PytestUnknownMarkWarning: Unknown pytest.mark.integration - is this a typo?  You can register custom marks to avoid this warning - for details, see https://docs.pytest.org/en/stable/how-to/mark.html
    @pytest.mark.integration

tests\test_menus.py:632
  D:\gemaibotv2\gemaibotv2\tests\test_menus.py:632: PytestUnknownMarkWarning: Unknown pytest.mark.slow - is this a typo?  You can register custom marks to avoid this warning - for details, see https://docs.pytest.org/en/stable/how-to/mark.html
    @pytest.mark.slow

tests/test_memory_manager.py::TestMemoryManager::test_callback_execution
tests/test_memory_manager.py::TestMemoryManager::test_auto_cleanup_resource
tests/test_memory_manager.py::TestMemoryManager::test_document_cache_cleanup
  D:\gemaibotv2\gemaibotv2\app\memory_manager.py:197: DeprecationWarning: 'asyncio.iscoroutinefunction' is deprecated and slated for removal in Python 3.16; use inspect.iscoroutinefunction() instead
    if asyncio.iscoroutinefunction(callback):

-- Docs: https://docs.pytest.org/en/stable/how-to/capture-warnings.html
=========================== short test summary info ===========================
FAILED tests/test_database_tavily.py::test_force_update_tavily_keys - TypeErr...
FAILED tests/test_database_tavily.py::test_force_update_tavily_keys_empty - T...
FAILED tests/test_metrics_integration.py::TestMetricsIntegration::test_metrics_queue_and_batch_save
FAILED tests/test_perf_db_messages.py::test_get_conversation_messages_optimization
FAILED tests/test_time_utils.py::TestTimeUtils::test_get_kyiv_reset_time_dst_mismatch
FAILED tests/test_time_utils.py::TestTimeUtils::test_get_kyiv_reset_time_standard
FAILED tests/test_time_utils.py::TestTimeUtils::test_get_kyiv_reset_time_year_rollover
====== 7 failed, 185 passed, 1 skipped, 1 xfailed, 18 warnings in 2.79s =======
